<?xml version="1.0" encoding="utf-8"?><testsuites name="pytest tests"><testsuite name="pytest" errors="0" failures="3" skipped="0" tests="25" time="5.119" timestamp="2026-03-12T20:40:33.335593+00:00" hostname="agent-env-be13dfd9-84f0-4f68-9b0a-d302e2a18c70"><testcase classname="tests.test_invoices_api.TestInvoicesAuthRequired" name="test_list_invoices_requires_auth" time="0.313" /><testcase classname="tests.test_invoices_api.TestInvoicesAuthRequired" name="test_create_invoice_from_quote_requires_auth" time="0.118" /><testcase classname="tests.test_invoices_api.TestInvoicesAuthRequired" name="test_get_single_invoice_requires_auth" time="0.115" /><testcase classname="tests.test_invoices_api.TestInvoicesAuthRequired" name="test_update_invoice_requires_auth" time="0.109" /><testcase classname="tests.test_invoices_api.TestInvoicesAuthRequired" name="test_checkout_requires_auth" time="0.109" /><testcase classname="tests.test_invoices_api.TestInvoicesAuthRequired" name="test_payment_status_requires_auth" time="0.584" /><testcase classname="tests.test_invoices_api.TestInvoicesAuthRequired" name="test_financial_stats_requires_auth" time="0.137" /><testcase classname="tests.test_invoices_api.TestStripeWebhook" name="test_stripe_webhook_accepts_post" time="0.133" /><testcase classname="tests.test_invoices_api.TestInvoiceWorkflow" name="test_01_create_lead_for_invoice" time="0.178" /><testcase classname="tests.test_invoices_api.TestInvoiceWorkflow" name="test_02_create_quote" time="0.126" /><testcase classname="tests.test_invoices_api.TestInvoiceWorkflow" name="test_03_send_quote" time="0.128" /><testcase classname="tests.test_invoices_api.TestInvoiceWorkflow" name="test_04_create_invoice_from_quote" time="0.120" /><testcase classname="tests.test_invoices_api.TestInvoiceWorkflow" name="test_05_get_invoice_by_id" time="0.451" /><testcase classname="tests.test_invoices_api.TestInvoiceWorkflow" name="test_06_list_invoices" time="0.128" /><testcase classname="tests.test_invoices_api.TestInvoiceWorkflow" name="test_07_list_invoices_with_status_filter" time="0.114" /><testcase classname="tests.test_invoices_api.TestInvoiceWorkflow" name="test_08_update_invoice_notes" time="0.123" /><testcase classname="tests.test_invoices_api.TestInvoiceWorkflow" name="test_09_create_stripe_checkout" time="0.610" /><testcase classname="tests.test_invoices_api.TestInvoiceWorkflow" name="test_10_check_payment_status" time="0.349" /><testcase classname="tests.test_invoices_api.TestInvoiceWorkflow" name="test_11_cannot_create_duplicate_invoice" time="0.125" /><testcase classname="tests.test_invoices_api.TestInvoiceWorkflow" name="test_12_cannot_checkout_paid_invoice" time="0.279" /><testcase classname="tests.test_invoices_api.TestFinancialStats" name="test_get_financial_stats_default" time="0.147"><failure message="AssertionError: Expected 200, got 500: Internal Server Error&#10;assert 500 == 200&#10; +  where 500 = &lt;Response [500]&gt;.status_code">tests/test_invoices_api.py:319: in test_get_financial_stats_default
    assert response.status_code == 200, f"Expected 200, got {response.status_code}: {response.text}"
E   AssertionError: Expected 200, got 500: Internal Server Error
E   assert 500 == 200
E    +  where 500 = &lt;Response [500]&gt;.status_code</failure></testcase><testcase classname="tests.test_invoices_api.TestFinancialStats" name="test_get_financial_stats_7d" time="0.115"><failure message="AssertionError: Expected 200, got 500&#10;assert 500 == 200&#10; +  where 500 = &lt;Response [500]&gt;.status_code">tests/test_invoices_api.py:344: in test_get_financial_stats_7d
    assert response.status_code == 200, f"Expected 200, got {response.status_code}"
E   AssertionError: Expected 200, got 500
E   assert 500 == 200
E    +  where 500 = &lt;Response [500]&gt;.status_code</failure></testcase><testcase classname="tests.test_invoices_api.TestFinancialStats" name="test_get_financial_stats_90d" time="0.114"><failure message="AssertionError: Expected 200, got 500&#10;assert 500 == 200&#10; +  where 500 = &lt;Response [500]&gt;.status_code">tests/test_invoices_api.py:354: in test_get_financial_stats_90d
    assert response.status_code == 200, f"Expected 200, got {response.status_code}"
E   AssertionError: Expected 200, got 500
E   assert 500 == 200
E    +  where 500 = &lt;Response [500]&gt;.status_code</failure></testcase><testcase classname="tests.test_invoices_api.TestInvoice404Errors" name="test_get_nonexistent_invoice" time="0.110" /><testcase classname="tests.test_invoices_api.TestInvoice404Errors" name="test_create_invoice_nonexistent_quote" time="0.176" /></testsuite></testsuites>