<?xml version="1.0" encoding="utf-8"?><testsuites name="pytest tests"><testsuite name="pytest" errors="0" failures="0" skipped="0" tests="22" time="5.338" timestamp="2026-03-12T20:24:59.237490+00:00" hostname="agent-env-be13dfd9-84f0-4f68-9b0a-d302e2a18c70"><testcase classname="tests.test_crm_api.TestPublicEndpoints" name="test_create_lead_public" time="0.329" /><testcase classname="tests.test_crm_api.TestPublicEndpoints" name="test_create_event_public" time="0.173" /><testcase classname="tests.test_crm_api.TestPublicEndpoints" name="test_tracking_event_public" time="0.209" /><testcase classname="tests.test_crm_api.TestAuthRequired" name="test_get_leads_requires_auth" time="0.160" /><testcase classname="tests.test_crm_api.TestAuthRequired" name="test_get_recent_leads_requires_auth" time="0.145" /><testcase classname="tests.test_crm_api.TestAuthRequired" name="test_get_export_leads_requires_auth" time="0.158" /><testcase classname="tests.test_crm_api.TestAuthRequired" name="test_dashboard_stats_requires_auth" time="0.130" /><testcase classname="tests.test_crm_api.TestAuthenticatedEndpoints" name="test_get_current_user" time="0.099" /><testcase classname="tests.test_crm_api.TestAuthenticatedEndpoints" name="test_get_leads_list" time="0.186" /><testcase classname="tests.test_crm_api.TestAuthenticatedEndpoints" name="test_get_leads_with_status_filter" time="0.165" /><testcase classname="tests.test_crm_api.TestAuthenticatedEndpoints" name="test_get_recent_leads_authenticated" time="0.120" /><testcase classname="tests.test_crm_api.TestAuthenticatedEndpoints" name="test_get_leads_export" time="0.143" /><testcase classname="tests.test_crm_api.TestAuthenticatedEndpoints" name="test_get_lead_by_id" time="0.240" /><testcase classname="tests.test_crm_api.TestAuthenticatedEndpoints" name="test_update_lead" time="0.251" /><testcase classname="tests.test_crm_api.TestAuthenticatedEndpoints" name="test_bulk_update_leads" time="0.285" /><testcase classname="tests.test_crm_api.TestAuthenticatedEndpoints" name="test_create_and_get_quote" time="0.416" /><testcase classname="tests.test_crm_api.TestAuthenticatedEndpoints" name="test_send_quote" time="0.508" /><testcase classname="tests.test_crm_api.TestAuthenticatedEndpoints" name="test_create_and_list_tasks" time="0.441" /><testcase classname="tests.test_crm_api.TestAuthenticatedEndpoints" name="test_complete_task" time="0.333" /><testcase classname="tests.test_crm_api.TestAuthenticatedEndpoints" name="test_create_and_list_interactions" time="0.445" /><testcase classname="tests.test_crm_api.TestAuthenticatedEndpoints" name="test_get_dashboard_stats" time="0.183" /><testcase classname="tests.test_crm_api.TestAuthenticatedEndpoints" name="test_get_tracking_stats" time="0.139" /></testsuite></testsuites>