<?xml version="1.0" encoding="utf-8"?><testsuites name="pytest tests"><testsuite name="pytest" errors="0" failures="0" skipped="0" tests="47" time="9.819" timestamp="2026-03-12T20:41:11.134679+00:00" hostname="agent-env-be13dfd9-84f0-4f68-9b0a-d302e2a18c70"><testcase classname="tests.test_crm_api.TestPublicEndpoints" name="test_create_lead_public" time="0.174" /><testcase classname="tests.test_crm_api.TestPublicEndpoints" name="test_create_event_public" time="0.108" /><testcase classname="tests.test_crm_api.TestPublicEndpoints" name="test_tracking_event_public" time="0.130" /><testcase classname="tests.test_crm_api.TestAuthRequired" name="test_get_leads_requires_auth" time="0.189" /><testcase classname="tests.test_crm_api.TestAuthRequired" name="test_get_recent_leads_requires_auth" time="0.148" /><testcase classname="tests.test_crm_api.TestAuthRequired" name="test_get_export_leads_requires_auth" time="0.155" /><testcase classname="tests.test_crm_api.TestAuthRequired" name="test_dashboard_stats_requires_auth" time="0.113" /><testcase classname="tests.test_crm_api.TestAuthenticatedEndpoints" name="test_get_current_user" time="0.202" /><testcase classname="tests.test_crm_api.TestAuthenticatedEndpoints" name="test_get_leads_list" time="0.121" /><testcase classname="tests.test_crm_api.TestAuthenticatedEndpoints" name="test_get_leads_with_status_filter" time="0.167" /><testcase classname="tests.test_crm_api.TestAuthenticatedEndpoints" name="test_get_recent_leads_authenticated" time="0.108" /><testcase classname="tests.test_crm_api.TestAuthenticatedEndpoints" name="test_get_leads_export" time="0.128" /><testcase classname="tests.test_crm_api.TestAuthenticatedEndpoints" name="test_get_lead_by_id" time="0.241" /><testcase classname="tests.test_crm_api.TestAuthenticatedEndpoints" name="test_update_lead" time="0.236" /><testcase classname="tests.test_crm_api.TestAuthenticatedEndpoints" name="test_bulk_update_leads" time="0.230" /><testcase classname="tests.test_crm_api.TestAuthenticatedEndpoints" name="test_create_and_get_quote" time="0.434" /><testcase classname="tests.test_crm_api.TestAuthenticatedEndpoints" name="test_send_quote" time="0.571" /><testcase classname="tests.test_crm_api.TestAuthenticatedEndpoints" name="test_create_and_list_tasks" time="0.544" /><testcase classname="tests.test_crm_api.TestAuthenticatedEndpoints" name="test_complete_task" time="0.267" /><testcase classname="tests.test_crm_api.TestAuthenticatedEndpoints" name="test_create_and_list_interactions" time="0.403" /><testcase classname="tests.test_crm_api.TestAuthenticatedEndpoints" name="test_get_dashboard_stats" time="0.163" /><testcase classname="tests.test_crm_api.TestAuthenticatedEndpoints" name="test_get_tracking_stats" time="0.139" /><testcase classname="tests.test_invoices_api.TestInvoicesAuthRequired" name="test_list_invoices_requires_auth" time="0.124" /><testcase classname="tests.test_invoices_api.TestInvoicesAuthRequired" name="test_create_invoice_from_quote_requires_auth" time="0.134" /><testcase classname="tests.test_invoices_api.TestInvoicesAuthRequired" name="test_get_single_invoice_requires_auth" time="0.126" /><testcase classname="tests.test_invoices_api.TestInvoicesAuthRequired" name="test_update_invoice_requires_auth" time="0.110" /><testcase classname="tests.test_invoices_api.TestInvoicesAuthRequired" name="test_checkout_requires_auth" time="0.118" /><testcase classname="tests.test_invoices_api.TestInvoicesAuthRequired" name="test_payment_status_requires_auth" time="0.128" /><testcase classname="tests.test_invoices_api.TestInvoicesAuthRequired" name="test_financial_stats_requires_auth" time="0.124" /><testcase classname="tests.test_invoices_api.TestStripeWebhook" name="test_stripe_webhook_accepts_post" time="0.125" /><testcase classname="tests.test_invoices_api.TestInvoiceWorkflow" name="test_01_create_lead_for_invoice" time="0.149" /><testcase classname="tests.test_invoices_api.TestInvoiceWorkflow" name="test_02_create_quote" time="0.124" /><testcase classname="tests.test_invoices_api.TestInvoiceWorkflow" name="test_03_send_quote" time="0.113" /><testcase classname="tests.test_invoices_api.TestInvoiceWorkflow" name="test_04_create_invoice_from_quote" time="0.122" /><testcase classname="tests.test_invoices_api.TestInvoiceWorkflow" name="test_05_get_invoice_by_id" time="0.113" /><testcase classname="tests.test_invoices_api.TestInvoiceWorkflow" name="test_06_list_invoices" time="0.127" /><testcase classname="tests.test_invoices_api.TestInvoiceWorkflow" name="test_07_list_invoices_with_status_filter" time="0.113" /><testcase classname="tests.test_invoices_api.TestInvoiceWorkflow" name="test_08_update_invoice_notes" time="0.252" /><testcase classname="tests.test_invoices_api.TestInvoiceWorkflow" name="test_09_create_stripe_checkout" time="0.592" /><testcase classname="tests.test_invoices_api.TestInvoiceWorkflow" name="test_10_check_payment_status" time="0.344" /><testcase classname="tests.test_invoices_api.TestInvoiceWorkflow" name="test_11_cannot_create_duplicate_invoice" time="0.184" /><testcase classname="tests.test_invoices_api.TestInvoiceWorkflow" name="test_12_cannot_checkout_paid_invoice" time="0.535" /><testcase classname="tests.test_invoices_api.TestFinancialStats" name="test_get_financial_stats_default" time="0.122" /><testcase classname="tests.test_invoices_api.TestFinancialStats" name="test_get_financial_stats_7d" time="0.157" /><testcase classname="tests.test_invoices_api.TestFinancialStats" name="test_get_financial_stats_90d" time="0.237" /><testcase classname="tests.test_invoices_api.TestInvoice404Errors" name="test_get_nonexistent_invoice" time="0.244" /><testcase classname="tests.test_invoices_api.TestInvoice404Errors" name="test_create_invoice_nonexistent_quote" time="0.255" /></testsuite></testsuites>