<?xml version="1.0" encoding="utf-8"?><testsuites name="pytest tests"><testsuite name="pytest" errors="0" failures="0" skipped="0" tests="21" time="1.688" timestamp="2026-03-12T21:08:00.847589+00:00" hostname="agent-env-be13dfd9-84f0-4f68-9b0a-d302e2a18c70"><testcase classname="backend.tests.test_phase6_integrations.TestWebhooks" name="test_get_webhook_events" time="0.251" /><testcase classname="backend.tests.test_phase6_integrations.TestWebhooks" name="test_create_webhook" time="0.065" /><testcase classname="backend.tests.test_phase6_integrations.TestWebhooks" name="test_create_webhook_invalid_event" time="0.066" /><testcase classname="backend.tests.test_phase6_integrations.TestWebhooks" name="test_list_webhooks" time="0.052" /><testcase classname="backend.tests.test_phase6_integrations.TestWebhooks" name="test_update_webhook" time="0.075" /><testcase classname="backend.tests.test_phase6_integrations.TestWebhooks" name="test_get_webhook_logs" time="0.055" /><testcase classname="backend.tests.test_phase6_integrations.TestWebhooks" name="test_delete_webhook" time="0.091" /><testcase classname="backend.tests.test_phase6_integrations.TestCalendarIcal" name="test_export_ical" time="0.079" /><testcase classname="backend.tests.test_phase6_integrations.TestCalendarIcal" name="test_export_ical_unauthorized" time="0.058" /><testcase classname="backend.tests.test_phase6_integrations.TestWhatsApp" name="test_get_whatsapp_templates" time="0.076" /><testcase classname="backend.tests.test_phase6_integrations.TestWhatsApp" name="test_send_whatsapp_message" time="0.095" /><testcase classname="backend.tests.test_phase6_integrations.TestWhatsApp" name="test_send_whatsapp_with_template" time="0.079" /><testcase classname="backend.tests.test_phase6_integrations.TestWhatsApp" name="test_send_whatsapp_invalid_lead" time="0.066" /><testcase classname="backend.tests.test_phase6_integrations.TestTrackingWidget" name="test_get_widget_script_public" time="0.094" /><testcase classname="backend.tests.test_phase6_integrations.TestTrackingWidget" name="test_get_widget_snippet" time="0.062" /><testcase classname="backend.tests.test_phase6_integrations.TestTrackingWidget" name="test_get_widget_snippet_unauthorized" time="0.053" /><testcase classname="backend.tests.test_phase6_integrations.TestLeadWebhookFire" name="test_create_lead_public" time="0.066" /><testcase classname="backend.tests.test_phase6_integrations.TestAuthRequirements" name="test_webhooks_requires_auth" time="0.054" /><testcase classname="backend.tests.test_phase6_integrations.TestAuthRequirements" name="test_webhook_events_requires_auth" time="0.049" /><testcase classname="backend.tests.test_phase6_integrations.TestAuthRequirements" name="test_whatsapp_templates_requires_auth" time="0.050" /><testcase classname="backend.tests.test_phase6_integrations.TestAuthRequirements" name="test_whatsapp_send_requires_auth" time="0.068" /></testsuite></testsuites>