<?xml version="1.0" encoding="utf-8"?><testsuites name="pytest tests"><testsuite name="pytest" errors="0" failures="0" skipped="32" tests="94" time="11.191" timestamp="2026-03-12T20:57:56.531801+00:00" hostname="agent-env-be13dfd9-84f0-4f68-9b0a-d302e2a18c70"><testcase classname="tests.test_crm_api.TestPublicEndpoints" name="test_create_lead_public" time="0.289" /><testcase classname="tests.test_crm_api.TestPublicEndpoints" name="test_create_event_public" time="0.151" /><testcase classname="tests.test_crm_api.TestPublicEndpoints" name="test_tracking_event_public" time="0.162" /><testcase classname="tests.test_crm_api.TestAuthRequired" name="test_get_leads_requires_auth" time="0.171" /><testcase classname="tests.test_crm_api.TestAuthRequired" name="test_get_recent_leads_requires_auth" time="0.135" /><testcase classname="tests.test_crm_api.TestAuthRequired" name="test_get_export_leads_requires_auth" time="0.183" /><testcase classname="tests.test_crm_api.TestAuthRequired" name="test_dashboard_stats_requires_auth" time="0.132" /><testcase classname="tests.test_crm_api.TestAuthenticatedEndpoints" name="test_get_current_user" time="0.000"><skipped type="pytest.skip" message="No session token available">/app/backend/tests/test_crm_api.py:124: No session token available</skipped></testcase><testcase classname="tests.test_crm_api.TestAuthenticatedEndpoints" name="test_get_leads_list" time="0.000"><skipped type="pytest.skip" message="No session token available">/app/backend/tests/test_crm_api.py:138: No session token available</skipped></testcase><testcase classname="tests.test_crm_api.TestAuthenticatedEndpoints" name="test_get_leads_with_status_filter" time="0.000"><skipped type="pytest.skip" message="No session token available">/app/backend/tests/test_crm_api.py:148: No session token available</skipped></testcase><testcase classname="tests.test_crm_api.TestAuthenticatedEndpoints" name="test_get_recent_leads_authenticated" time="0.000"><skipped type="pytest.skip" message="No session token available">/app/backend/tests/test_crm_api.py:160: No session token available</skipped></testcase><testcase classname="tests.test_crm_api.TestAuthenticatedEndpoints" name="test_get_leads_export" time="0.000"><skipped type="pytest.skip" message="No session token available">/app/backend/tests/test_crm_api.py:174: No session token available</skipped></testcase><testcase classname="tests.test_crm_api.TestAuthenticatedEndpoints" name="test_get_lead_by_id" time="0.000"><skipped type="pytest.skip" message="No session token available">/app/backend/tests/test_crm_api.py:187: No session token available</skipped></testcase><testcase classname="tests.test_crm_api.TestAuthenticatedEndpoints" name="test_update_lead" time="0.000"><skipped type="pytest.skip" message="No session token available">/app/backend/tests/test_crm_api.py:206: No session token available</skipped></testcase><testcase classname="tests.test_crm_api.TestAuthenticatedEndpoints" name="test_bulk_update_leads" time="0.000"><skipped type="pytest.skip" message="No session token available">/app/backend/tests/test_crm_api.py:226: No session token available</skipped></testcase><testcase classname="tests.test_crm_api.TestAuthenticatedEndpoints" name="test_create_and_get_quote" time="0.000"><skipped type="pytest.skip" message="No session token available">/app/backend/tests/test_crm_api.py:248: No session token available</skipped></testcase><testcase classname="tests.test_crm_api.TestAuthenticatedEndpoints" name="test_send_quote" time="0.000"><skipped type="pytest.skip" message="No session token available">/app/backend/tests/test_crm_api.py:286: No session token available</skipped></testcase><testcase classname="tests.test_crm_api.TestAuthenticatedEndpoints" name="test_create_and_list_tasks" time="0.001"><skipped type="pytest.skip" message="No session token available">/app/backend/tests/test_crm_api.py:315: No session token available</skipped></testcase><testcase classname="tests.test_crm_api.TestAuthenticatedEndpoints" name="test_complete_task" time="0.001"><skipped type="pytest.skip" message="No session token available">/app/backend/tests/test_crm_api.py:352: No session token available</skipped></testcase><testcase classname="tests.test_crm_api.TestAuthenticatedEndpoints" name="test_create_and_list_interactions" time="0.000"><skipped type="pytest.skip" message="No session token available">/app/backend/tests/test_crm_api.py:370: No session token available</skipped></testcase><testcase classname="tests.test_crm_api.TestAuthenticatedEndpoints" name="test_get_dashboard_stats" time="0.000"><skipped type="pytest.skip" message="No session token available">/app/backend/tests/test_crm_api.py:403: No session token available</skipped></testcase><testcase classname="tests.test_crm_api.TestAuthenticatedEndpoints" name="test_get_tracking_stats" time="0.000"><skipped type="pytest.skip" message="No session token available">/app/backend/tests/test_crm_api.py:416: No session token available</skipped></testcase><testcase classname="tests.test_invoices_api.TestInvoicesAuthRequired" name="test_list_invoices_requires_auth" time="0.109" /><testcase classname="tests.test_invoices_api.TestInvoicesAuthRequired" name="test_create_invoice_from_quote_requires_auth" time="0.207" /><testcase classname="tests.test_invoices_api.TestInvoicesAuthRequired" name="test_get_single_invoice_requires_auth" time="0.109" /><testcase classname="tests.test_invoices_api.TestInvoicesAuthRequired" name="test_update_invoice_requires_auth" time="0.136" /><testcase classname="tests.test_invoices_api.TestInvoicesAuthRequired" name="test_checkout_requires_auth" time="0.148" /><testcase classname="tests.test_invoices_api.TestInvoicesAuthRequired" name="test_payment_status_requires_auth" time="0.113" /><testcase classname="tests.test_invoices_api.TestInvoicesAuthRequired" name="test_financial_stats_requires_auth" time="0.134" /><testcase classname="tests.test_invoices_api.TestStripeWebhook" name="test_stripe_webhook_accepts_post" time="0.116" /><testcase classname="tests.test_invoices_api.TestInvoiceWorkflow" name="test_01_create_lead_for_invoice" time="0.000"><skipped type="pytest.skip" message="No session token available">/app/backend/tests/test_invoices_api.py:88: No session token available</skipped></testcase><testcase classname="tests.test_invoices_api.TestInvoiceWorkflow" name="test_02_create_quote" time="0.000"><skipped type="pytest.skip" message="No session token available">/app/backend/tests/test_invoices_api.py:107: No session token available</skipped></testcase><testcase classname="tests.test_invoices_api.TestInvoiceWorkflow" name="test_03_send_quote" time="0.000"><skipped type="pytest.skip" message="No session token available">/app/backend/tests/test_invoices_api.py:129: No session token available</skipped></testcase><testcase classname="tests.test_invoices_api.TestInvoiceWorkflow" name="test_04_create_invoice_from_quote" time="0.000"><skipped type="pytest.skip" message="No session token available">/app/backend/tests/test_invoices_api.py:142: No session token available</skipped></testcase><testcase classname="tests.test_invoices_api.TestInvoiceWorkflow" name="test_05_get_invoice_by_id" time="0.000"><skipped type="pytest.skip" message="No session token available">/app/backend/tests/test_invoices_api.py:169: No session token available</skipped></testcase><testcase classname="tests.test_invoices_api.TestInvoiceWorkflow" name="test_06_list_invoices" time="0.000"><skipped type="pytest.skip" message="No session token available">/app/backend/tests/test_invoices_api.py:187: No session token available</skipped></testcase><testcase classname="tests.test_invoices_api.TestInvoiceWorkflow" name="test_07_list_invoices_with_status_filter" time="0.000"><skipped type="pytest.skip" message="No session token available">/app/backend/tests/test_invoices_api.py:197: No session token available</skipped></testcase><testcase classname="tests.test_invoices_api.TestInvoiceWorkflow" name="test_08_update_invoice_notes" time="0.000"><skipped type="pytest.skip" message="No session token available">/app/backend/tests/test_invoices_api.py:209: No session token available</skipped></testcase><testcase classname="tests.test_invoices_api.TestInvoiceWorkflow" name="test_09_create_stripe_checkout" time="0.000"><skipped type="pytest.skip" message="No session token available">/app/backend/tests/test_invoices_api.py:223: No session token available</skipped></testcase><testcase classname="tests.test_invoices_api.TestInvoiceWorkflow" name="test_10_check_payment_status" time="0.000"><skipped type="pytest.skip" message="No session token available">/app/backend/tests/test_invoices_api.py:244: No session token available</skipped></testcase><testcase classname="tests.test_invoices_api.TestInvoiceWorkflow" name="test_11_cannot_create_duplicate_invoice" time="0.000"><skipped type="pytest.skip" message="No session token available">/app/backend/tests/test_invoices_api.py:262: No session token available</skipped></testcase><testcase classname="tests.test_invoices_api.TestInvoiceWorkflow" name="test_12_cannot_checkout_paid_invoice" time="0.000"><skipped type="pytest.skip" message="No session token available">/app/backend/tests/test_invoices_api.py:279: No session token available</skipped></testcase><testcase classname="tests.test_invoices_api.TestFinancialStats" name="test_get_financial_stats_default" time="0.000"><skipped type="pytest.skip" message="No session token available">/app/backend/tests/test_invoices_api.py:315: No session token available</skipped></testcase><testcase classname="tests.test_invoices_api.TestFinancialStats" name="test_get_financial_stats_7d" time="0.000"><skipped type="pytest.skip" message="No session token available">/app/backend/tests/test_invoices_api.py:340: No session token available</skipped></testcase><testcase classname="tests.test_invoices_api.TestFinancialStats" name="test_get_financial_stats_90d" time="0.000"><skipped type="pytest.skip" message="No session token available">/app/backend/tests/test_invoices_api.py:350: No session token available</skipped></testcase><testcase classname="tests.test_invoices_api.TestInvoice404Errors" name="test_get_nonexistent_invoice" time="0.000"><skipped type="pytest.skip" message="No session token available">/app/backend/tests/test_invoices_api.py:371: No session token available</skipped></testcase><testcase classname="tests.test_invoices_api.TestInvoice404Errors" name="test_create_invoice_nonexistent_quote" time="0.000"><skipped type="pytest.skip" message="No session token available">/app/backend/tests/test_invoices_api.py:377: No session token available</skipped></testcase><testcase classname="tests.test_phases_345_api.TestPortalMagicLink" name="test_01_create_lead_for_portal" time="0.128" /><testcase classname="tests.test_phases_345_api.TestPortalMagicLink" name="test_02_request_magic_link" time="0.116" /><testcase classname="tests.test_phases_345_api.TestPortalMagicLink" name="test_03_magic_link_nonexistent_email" time="0.131" /><testcase classname="tests.test_phases_345_api.TestPortalMagicLink" name="test_04_authenticate_with_magic_link" time="0.124" /><testcase classname="tests.test_phases_345_api.TestPortalMagicLink" name="test_05_magic_link_cannot_be_reused" time="0.119" /><testcase classname="tests.test_phases_345_api.TestPortalMagicLink" name="test_06_portal_me_requires_auth" time="0.149" /><testcase classname="tests.test_phases_345_api.TestPortalMagicLink" name="test_07_portal_me_with_auth" time="0.105" /><testcase classname="tests.test_phases_345_api.TestPortalClientData" name="test_get_portal_quotes" time="0.112" /><testcase classname="tests.test_phases_345_api.TestPortalClientData" name="test_get_portal_invoices" time="0.111" /><testcase classname="tests.test_phases_345_api.TestPortalClientData" name="test_submit_review" time="0.114" /><testcase classname="tests.test_phases_345_api.TestPortalClientData" name="test_submit_review_invalid_rating" time="0.124" /><testcase classname="tests.test_phases_345_api.TestPortalClientData" name="test_get_portal_reviews" time="0.101" /><testcase classname="tests.test_phases_345_api.TestTeamsEndpoints" name="test_01_create_team" time="0.408" /><testcase classname="tests.test_phases_345_api.TestTeamsEndpoints" name="test_02_list_teams" time="0.117" /><testcase classname="tests.test_phases_345_api.TestTeamsEndpoints" name="test_03_list_teams_requires_auth" time="0.112" /><testcase classname="tests.test_phases_345_api.TestTeamsEndpoints" name="test_04_add_team_member" time="0.168" /><testcase classname="tests.test_phases_345_api.TestTeamsEndpoints" name="test_05_add_member_to_nonexistent_team" time="0.112" /><testcase classname="tests.test_phases_345_api.TestInterventionsEndpoints" name="test_01_create_intervention" time="0.246" /><testcase classname="tests.test_phases_345_api.TestInterventionsEndpoints" name="test_02_list_interventions" time="2.097" /><testcase classname="tests.test_phases_345_api.TestInterventionsEndpoints" name="test_03_list_interventions_requires_auth" time="0.126" /><testcase classname="tests.test_phases_345_api.TestInterventionsEndpoints" name="test_04_list_interventions_with_filters" time="0.132" /><testcase classname="tests.test_phases_345_api.TestInterventionsEndpoints" name="test_05_check_in_intervention" time="0.133" /><testcase classname="tests.test_phases_345_api.TestInterventionsEndpoints" name="test_06_verify_intervention_status_en_cours" time="0.124" /><testcase classname="tests.test_phases_345_api.TestInterventionsEndpoints" name="test_07_check_out_intervention" time="0.136" /><testcase classname="tests.test_phases_345_api.TestInterventionsEndpoints" name="test_08_verify_intervention_status_terminee" time="0.121" /><testcase classname="tests.test_phases_345_api.TestCalendarEndpoint" name="test_get_calendar_default" time="0.109" /><testcase classname="tests.test_phases_345_api.TestCalendarEndpoint" name="test_get_calendar_specific_month" time="0.114" /><testcase classname="tests.test_phases_345_api.TestCalendarEndpoint" name="test_calendar_requires_auth" time="0.160" /><testcase classname="tests.test_phases_345_api.TestNotificationsEndpoints" name="test_get_notifications" time="0.126" /><testcase classname="tests.test_phases_345_api.TestNotificationsEndpoints" name="test_get_notifications_unread_only" time="0.108" /><testcase classname="tests.test_phases_345_api.TestNotificationsEndpoints" name="test_notifications_requires_auth" time="0.132" /><testcase classname="tests.test_phases_345_api.TestNotificationsEndpoints" name="test_mark_notifications_read" time="0.130" /><testcase classname="tests.test_phases_345_api.TestScoringEndpoints" name="test_get_scoring_rules" time="0.164" /><testcase classname="tests.test_phases_345_api.TestScoringEndpoints" name="test_scoring_rules_requires_auth" time="0.120" /><testcase classname="tests.test_phases_345_api.TestScoringEndpoints" name="test_recalculate_scores" time="0.121" /><testcase classname="tests.test_phases_345_api.TestUsersEndpoints" name="test_list_users" time="0.147" /><testcase classname="tests.test_phases_345_api.TestUsersEndpoints" name="test_users_requires_auth" time="0.207" /><testcase classname="tests.test_phases_345_api.TestClientsEndpoints" name="test_list_converted_clients" time="0.119" /><testcase classname="tests.test_phases_345_api.TestClientsEndpoints" name="test_clients_requires_auth" time="0.124" /><testcase classname="tests.test_phases_345_api.TestClientsEndpoints" name="test_get_client_history" time="0.304" /><testcase classname="tests.test_phases_345_api.TestClientsEndpoints" name="test_client_history_404_nonexistent" time="0.175" /><testcase classname="tests.test_phases_345_api.TestExistingEndpointsStillWork" name="test_leads_endpoint" time="0.125" /><testcase classname="tests.test_phases_345_api.TestExistingEndpointsStillWork" name="test_quotes_endpoint" time="0.093" /><testcase classname="tests.test_phases_345_api.TestExistingEndpointsStillWork" name="test_tasks_endpoint" time="0.118" /><testcase classname="tests.test_phases_345_api.TestExistingEndpointsStillWork" name="test_invoices_endpoint" time="0.137" /><testcase classname="tests.test_phases_345_api.TestExistingEndpointsStillWork" name="test_financial_stats_endpoint" time="0.161" /><testcase classname="tests.test_phases_345_api.TestExistingEndpointsStillWork" name="test_dashboard_stats_endpoint" time="0.192" /></testsuite></testsuites>