<?xml version="1.0" encoding="utf-8"?><testsuites name="pytest tests"><testsuite name="pytest" errors="0" failures="0" skipped="0" tests="10" time="1.975" timestamp="2026-03-13T14:00:16.755397+00:00" hostname="agent-env-0304051c-2cb9-4eee-887c-3c6392a8dc73"><testcase classname="backend.tests.test_gmail_integration.TestGmailIntegration" name="test_settings_integrations_has_gmail_key" time="0.159" /><testcase classname="backend.tests.test_gmail_integration.TestGmailIntegration" name="test_gmail_status_endpoint" time="0.131" /><testcase classname="backend.tests.test_gmail_integration.TestGmailIntegration" name="test_gmail_disconnect_endpoint" time="0.187" /><testcase classname="backend.tests.test_gmail_integration.TestGmailIntegration" name="test_emails_stats_endpoint" time="0.134" /><testcase classname="backend.tests.test_gmail_integration.TestGmailIntegration" name="test_auth_google_returns_authorization_url" time="0.129" /><testcase classname="backend.tests.test_gmail_integration.TestLeadEmails" name="test_get_lead_emails_empty" time="0.262" /><testcase classname="backend.tests.test_gmail_integration.TestQuoteSend" name="test_send_quote_marks_as_sent" time="0.555" /><testcase classname="backend.tests.test_gmail_integration.TestUnauthorizedAccess" name="test_gmail_status_requires_auth" time="0.106" /><testcase classname="backend.tests.test_gmail_integration.TestUnauthorizedAccess" name="test_settings_integrations_requires_auth" time="0.105" /><testcase classname="backend.tests.test_gmail_integration.TestUnauthorizedAccess" name="test_emails_stats_requires_auth" time="0.139" /></testsuite></testsuites>