<?xml version="1.0" encoding="utf-8"?><testsuites name="pytest tests"><testsuite name="pytest" errors="0" failures="0" skipped="0" tests="15" time="2.431" timestamp="2026-03-12T21:56:01.997511+00:00" hostname="agent-env-9159badb-ecbb-4d0c-a033-784c5b08c026"><testcase classname="backend.tests.test_integrations_v2.TestIntegrationStatusOverview" name="test_get_integration_status_requires_auth" time="0.134" /><testcase classname="backend.tests.test_integrations_v2.TestIntegrationStatusOverview" name="test_get_integration_status_success" time="0.178" /><testcase classname="backend.tests.test_integrations_v2.TestGoogleCalendar" name="test_gcal_status_requires_auth" time="0.163" /><testcase classname="backend.tests.test_integrations_v2.TestGoogleCalendar" name="test_gcal_status_success" time="0.140" /><testcase classname="backend.tests.test_integrations_v2.TestGoogleCalendar" name="test_gcal_auth_login_not_configured" time="0.370" /><testcase classname="backend.tests.test_integrations_v2.TestGoogleCalendar" name="test_gcal_disconnect_requires_auth" time="0.175" /><testcase classname="backend.tests.test_integrations_v2.TestGoogleCalendar" name="test_gcal_disconnect_success" time="0.155" /><testcase classname="backend.tests.test_integrations_v2.TestSendGridStatus" name="test_sendgrid_status_in_integrations" time="0.122" /><testcase classname="backend.tests.test_integrations_v2.TestMagicLinkEmail" name="test_magic_link_creation" time="0.121" /><testcase classname="backend.tests.test_integrations_v2.TestWhatsAppPhoneNormalization" name="test_whatsapp_number_in_integrations" time="0.110" /><testcase classname="backend.tests.test_integrations_v2.TestWhatsAppPhoneNormalization" name="test_whatsapp_send_normalizes_french_number" time="0.124" /><testcase classname="backend.tests.test_integrations_v2.TestTrackingWidget" name="test_widget_snippet_requires_auth" time="0.122" /><testcase classname="backend.tests.test_integrations_v2.TestTrackingWidget" name="test_widget_snippet_success" time="0.124" /><testcase classname="backend.tests.test_integrations_v2.TestTrackingWidget" name="test_widget_script_is_public" time="0.114" /><testcase classname="backend.tests.test_integrations_v2.TestStripeStatus" name="test_stripe_test_mode" time="0.131" /></testsuite></testsuites>