<?xml version="1.0" encoding="utf-8"?><testsuites name="pytest tests"><testsuite name="pytest" errors="0" failures="0" skipped="0" tests="27" time="3.770" timestamp="2026-03-12T21:21:05.661798+00:00" hostname="agent-env-be13dfd9-84f0-4f68-9b0a-d302e2a18c70"><testcase classname="backend.tests.test_exports_api.TestExportAuth" name="test_invoice_pdf_requires_auth" time="0.134" /><testcase classname="backend.tests.test_exports_api.TestExportAuth" name="test_quote_pdf_requires_auth" time="0.139" /><testcase classname="backend.tests.test_exports_api.TestExportAuth" name="test_financial_pdf_requires_auth" time="0.136" /><testcase classname="backend.tests.test_exports_api.TestExportAuth" name="test_invoices_csv_requires_auth" time="0.123" /><testcase classname="backend.tests.test_exports_api.TestExportAuth" name="test_clients_csv_requires_auth" time="0.117" /><testcase classname="backend.tests.test_exports_api.TestExportAuth" name="test_interventions_csv_requires_auth" time="0.117" /><testcase classname="backend.tests.test_exports_api.TestCSVExports" name="test_invoices_csv_export" time="0.156" /><testcase classname="backend.tests.test_exports_api.TestCSVExports" name="test_invoices_csv_with_status_filter" time="0.110" /><testcase classname="backend.tests.test_exports_api.TestCSVExports" name="test_clients_csv_export" time="0.105" /><testcase classname="backend.tests.test_exports_api.TestCSVExports" name="test_interventions_csv_export" time="0.193" /><testcase classname="backend.tests.test_exports_api.TestFinancialPDFExport" name="test_financial_pdf_export" time="0.194" /><testcase classname="backend.tests.test_exports_api.TestFinancialPDFExport" name="test_financial_pdf_with_period" time="0.129" /><testcase classname="backend.tests.test_exports_api.TestFinancialPDFExport" name="test_financial_pdf_with_90d_period" time="0.170" /><testcase classname="backend.tests.test_exports_api.TestInvoicePDFExport" name="test_invoice_pdf_not_found" time="0.105" /><testcase classname="backend.tests.test_exports_api.TestInvoicePDFExport" name="test_invoice_pdf_with_real_data" time="0.185" /><testcase classname="backend.tests.test_exports_api.TestQuotePDFExport" name="test_quote_pdf_not_found" time="0.122" /><testcase classname="backend.tests.test_exports_api.TestQuotePDFExport" name="test_quote_pdf_with_real_data" time="0.184" /><testcase classname="backend.tests.test_exports_api.TestExistingEndpoints" name="test_auth_me_endpoint" time="0.115" /><testcase classname="backend.tests.test_exports_api.TestExistingEndpoints" name="test_leads_endpoint" time="0.121" /><testcase classname="backend.tests.test_exports_api.TestExistingEndpoints" name="test_quotes_endpoint" time="0.113" /><testcase classname="backend.tests.test_exports_api.TestExistingEndpoints" name="test_invoices_endpoint" time="0.144" /><testcase classname="backend.tests.test_exports_api.TestExistingEndpoints" name="test_tasks_endpoint" time="0.118" /><testcase classname="backend.tests.test_exports_api.TestExistingEndpoints" name="test_interventions_endpoint" time="0.126" /><testcase classname="backend.tests.test_exports_api.TestExistingEndpoints" name="test_notifications_endpoint" time="0.121" /><testcase classname="backend.tests.test_exports_api.TestExistingEndpoints" name="test_webhooks_endpoint" time="0.130" /><testcase classname="backend.tests.test_exports_api.TestExistingEndpoints" name="test_dashboard_stats_endpoint" time="0.151" /><testcase classname="backend.tests.test_exports_api.TestExistingEndpoints" name="test_financial_stats_endpoint" time="0.115" /></testsuite></testsuites>